2026-06-27 11:50:48 [INFO] iqra: Iqra 日志系统已启动 (level=INFO, json=False)
2026-06-27 11:50:48 [CRITICAL] iqra: 未捕获的异常
Traceback (most recent call last):
  File "/Volumes/D盘工作区/一人公司宇宙版/one_company_cosmic/modules/intelligence/intelligence_window.py", line 176, in showEvent
    from core.ad_launcher import check_and_prompt_ad
ModuleNotFoundError: No module named 'core.ad_launcher'
2026-06-27 11:50:48 [CRITICAL] iqra: 未捕获的异常
Traceback (most recent call last):
  File "/Volumes/D盘工作区/一人公司宇宙版/one_company_cosmic/modules/intelligence/iqra_floating_planet.py", line 197, in showEvent
    from core.ad_launcher import check_and_prompt_ad
ModuleNotFoundError: No module named 'core.ad_launcher'
2026-06-27 22:49:09 [INFO] iqra: Iqra 日志系统已启动 (level=INFO, json=False)
2026-06-27 22:49:09 [CRITICAL] iqra: 未捕获的异常
Traceback (most recent call last):
  File "/Volumes/D盘工作区/一人公司宇宙版/one_company_cosmic/modules/intelligence/intelligence_window.py", line 176, in showEvent
    from core.ad_launcher import check_and_prompt_ad
ModuleNotFoundError: No module named 'core.ad_launcher'
2026-06-27 22:49:09 [CRITICAL] iqra: 未捕获的异常
Traceback (most recent call last):
  File "/Volumes/D盘工作区/一人公司宇宙版/one_company_cosmic/modules/intelligence/iqra_floating_planet.py", line 197, in showEvent
    from core.ad_launcher import check_and_prompt_ad
ModuleNotFoundError: No module named 'core.ad_launcher'
2026-06-27 22:49:16 [CRITICAL] iqra: 未捕获的异常
Traceback (most recent call last):
  File "/Volumes/D盘工作区/一人公司宇宙版/one_company_cosmic/modules/astronomy/solar_system/window.py", line 646, in paintEvent
    self._paint_hover_label(p)
  File "/Volumes/D盘工作区/一人公司宇宙版/one_company_cosmic/modules/astronomy/solar_system/window.py", line 521, in _paint_hover_label
    p.drawRoundedRect(tx - pad, ty - fm.height() + 2, tw + pad * 2,
TypeError: arguments did not match any overloaded call:
  drawRoundedRect(self, rect: QRectF, xRadius: float, yRadius: float, mode: Qt.SizeMode = Qt.AbsoluteSize): argument 1 has unexpected type 'float'
  drawRoundedRect(self, x: int, y: int, w: int, h: int, xRadius: float, yRadius: float, mode: Qt.SizeMode = Qt.AbsoluteSize): argument 1 has unexpected type 'float'
  drawRoundedRect(self, rect: QRect, xRadius: float, yRadius: float, mode: Qt.SizeMode = Qt.AbsoluteSize): argument 1 has unexpected type 'float'
2026-06-27 22:49:17 [CRITICAL] iqra: 未捕获的异常
Traceback (most recent call last):
  File "/Volumes/D盘工作区/一人公司宇宙版/one_company_cosmic/modules/astronomy/solar_system/window.py", line 646, in paintEvent
    self._paint_hover_label(p)
  File "/Volumes/D盘工作区/一人公司宇宙版/one_company_cosmic/modules/astronomy/solar_system/window.py", line 521, in _paint_hover_label
    p.drawRoundedRect(tx - pad, ty - fm.height() + 2, tw + pad * 2,
TypeError: arguments did not match any overloaded call:
  drawRoundedRect(self, rect: QRectF, xRadius: float, yRadius: float, mode: Qt.SizeMode = Qt.AbsoluteSize): argument 1 has unexpected type 'float'
  drawRoundedRect(self, x: int, y: int, w: int, h: int, xRadius: float, yRadius: float, mode: Qt.SizeMode = Qt.AbsoluteSize): argument 1 has unexpected type 'float'
  drawRoundedRect(self, rect: QRect, xRadius: float, yRadius: float, mode: Qt.SizeMode = Qt.AbsoluteSize): argument 1 has unexpected type 'float'
2026-06-27 22:49:17 [CRITICAL] iqra: 未捕获的异常
Traceback (most recent call last):
  File "/Volumes/D盘工作区/一人公司宇宙版/one_company_cosmic/modules/astronomy/solar_system/window.py", line 646, in paintEvent
    self._paint_hover_label(p)
  File "/Volumes/D盘工作区/一人公司宇宙版/one_company_cosmic/modules/astronomy/solar_system/window.py", line 521, in _paint_hover_label
    p.drawRoundedRect(tx - pad, ty - fm.height() + 2, tw + pad * 2,
TypeError: arguments did not match any overloaded call:
  drawRoundedRect(self, rect: QRectF, xRadius: float, yRadius: float, mode: Qt.SizeMode = Qt.AbsoluteSize): argument 1 has unexpected type 'float'
  drawRoundedRect(self, x: int, y: int, w: int, h: int, xRadius: float, yRadius: float, mode: Qt.SizeMode = Qt.AbsoluteSize): argument 1 has unexpected type 'float'
  drawRoundedRect(self, rect: QRect, xRadius: float, yRadius: float, mode: Qt.SizeMode = Qt.AbsoluteSize): argument 1 has unexpected type 'float'
2026-06-27 22:49:17 [CRITICAL] iqra: 未捕获的异常
Traceback (most recent call last):
  File "/Volumes/D盘工作区/一人公司宇宙版/one_company_cosmic/modules/astronomy/solar_system/window.py", line 646, in paintEvent
    self._paint_hover_label(p)
  File "/Volumes/D盘工作区/一人公司宇宙版/one_company_cosmic/modules/astronomy/solar_system/window.py", line 521, in _paint_hover_label
    p.drawRoundedRect(tx - pad, ty - fm.height() + 2, tw + pad * 2,
TypeError: arguments did not match any overloaded call:
  drawRoundedRect(self, rect: QRectF, xRadius: float, yRadius: float, mode: Qt.SizeMode = Qt.AbsoluteSize): argument 1 has unexpected type 'float'
  drawRoundedRect(self, x: int, y: int, w: int, h: int, xRadius: float, yRadius: float, mode: Qt.SizeMode = Qt.AbsoluteSize): argument 1 has unexpected type 'float'
  drawRoundedRect(self, rect: QRect, xRadius: float, yRadius: float, mode: Qt.SizeMode = Qt.AbsoluteSize): argument 1 has unexpected type 'float'
2026-06-27 22:49:17 [CRITICAL] iqra: 未捕获的异常
Traceback (most recent call last):
  File "/Volumes/D盘工作区/一人公司宇宙版/one_company_cosmic/modules/astronomy/solar_system/window.py", line 646, in paintEvent
    self._paint_hover_label(p)
  File "/Volumes/D盘工作区/一人公司宇宙版/one_company_cosmic/modules/astronomy/solar_system/window.py", line 521, in _paint_hover_label
    p.drawRoundedRect(tx - pad, ty - fm.height() + 2, tw + pad * 2,
TypeError: arguments did not match any overloaded call:
  drawRoundedRect(self, rect: QRectF, xRadius: float, yRadius: float, mode: Qt.SizeMode = Qt.AbsoluteSize): argument 1 has unexpected type 'float'
  drawRoundedRect(self, x: int, y: int, w: int, h: int, xRadius: float, yRadius: float, mode: Qt.SizeMode = Qt.AbsoluteSize): argument 1 has unexpected type 'float'
  drawRoundedRect(self, rect: QRect, xRadius: float, yRadius: float, mode: Qt.SizeMode = Qt.AbsoluteSize): argument 1 has unexpected type 'float'
2026-06-27 22:49:17 [CRITICAL] iqra: 未捕获的异常
Traceback (most recent call last):
  File "/Volumes/D盘工作区/一人公司宇宙版/one_company_cosmic/modules/astronomy/solar_system/window.py", line 646, in paintEvent
    self._paint_hover_label(p)
  File "/Volumes/D盘工作区/一人公司宇宙版/one_company_cosmic/modules/astronomy/solar_system/window.py", line 521, in _paint_hover_label
    p.drawRoundedRect(tx - pad, ty - fm.height() + 2, tw + pad * 2,
TypeError: arguments did not match any overloaded call:
  drawRoundedRect(self, rect: QRectF, xRadius: float, yRadius: float, mode: Qt.SizeMode = Qt.AbsoluteSize): argument 1 has unexpected type 'float'
  drawRoundedRect(self, x: int, y: int, w: int, h: int, xRadius: float, yRadius: float, mode: Qt.SizeMode = Qt.AbsoluteSize): argument 1 has unexpected type 'float'
  drawRoundedRect(self, rect: QRect, xRadius: float, yRadius: float, mode: Qt.SizeMode = Qt.AbsoluteSize): argument 1 has unexpected type 'float'
2026-06-27 22:49:17 [CRITICAL] iqra: 未捕获的异常
Traceback (most recent call last):
  File "/Volumes/D盘工作区/一人公司宇宙版/one_company_cosmic/modules/astronomy/solar_system/window.py", line 646, in paintEvent
    self._paint_hover_label(p)
  File "/Volumes/D盘工作区/一人公司宇宙版/one_company_cosmic/modules/astronomy/solar_system/window.py", line 521, in _paint_hover_label
    p.drawRoundedRect(tx - pad, ty - fm.height() + 2, tw + pad * 2,
TypeError: arguments did not match any overloaded call:
  drawRoundedRect(self, rect: QRectF, xRadius: float, yRadius: float, mode: Qt.SizeMode = Qt.AbsoluteSize): argument 1 has unexpected type 'float'
  drawRoundedRect(self, x: int, y: int, w: int, h: int, xRadius: float, yRadius: float, mode: Qt.SizeMode = Qt.AbsoluteSize): argument 1 has unexpected type 'float'
  drawRoundedRect(self, rect: QRect, xRadius: float, yRadius: float, mode: Qt.SizeMode = Qt.AbsoluteSize): argument 1 has unexpected type 'float'
2026-06-27 22:49:17 [CRITICAL] iqra: 未捕获的异常
Traceback (most recent call last):
  File "/Volumes/D盘工作区/一人公司宇宙版/one_company_cosmic/modules/astronomy/solar_system/window.py", line 646, in paintEvent
    self._paint_hover_label(p)
  File "/Volumes/D盘工作区/一人公司宇宙版/one_company_cosmic/modules/astronomy/solar_system/window.py", line 521, in _paint_hover_label
    p.drawRoundedRect(tx - pad, ty - fm.height() + 2, tw + pad * 2,
TypeError: arguments did not match any overloaded call:
  drawRoundedRect(self, rect: QRectF, xRadius: float, yRadius: float, mode: Qt.SizeMode = Qt.AbsoluteSize): argument 1 has unexpected type 'float'
  drawRoundedRect(self, x: int, y: int, w: int, h: int, xRadius: float, yRadius: float, mode: Qt.SizeMode = Qt.AbsoluteSize): argument 1 has unexpected type 'float'
  drawRoundedRect(self, rect: QRect, xRadius: float, yRadius: float, mode: Qt.SizeMode = Qt.AbsoluteSize): argument 1 has unexpected type 'float'
2026-06-27 22:49:18 [CRITICAL] iqra: 未捕获的异常
Traceback (most recent call last):
  File "/Volumes/D盘工作区/一人公司宇宙版/one_company_cosmic/modules/astronomy/solar_system/window.py", line 646, in paintEvent
    self._paint_hover_label(p)
  File "/Volumes/D盘工作区/一人公司宇宙版/one_company_cosmic/modules/astronomy/solar_system/window.py", line 521, in _paint_hover_label
    p.drawRoundedRect(tx - pad, ty - fm.height() + 2, tw + pad * 2,
TypeError: arguments did not match any overloaded call:
  drawRoundedRect(self, rect: QRectF, xRadius: float, yRadius: float, mode: Qt.SizeMode = Qt.AbsoluteSize): argument 1 has unexpected type 'float'
  drawRoundedRect(self, x: int, y: int, w: int, h: int, xRadius: float, yRadius: float, mode: Qt.SizeMode = Qt.AbsoluteSize): argument 1 has unexpected type 'float'
  drawRoundedRect(self, rect: QRect, xRadius: float, yRadius: float, mode: Qt.SizeMode = Qt.AbsoluteSize): argument 1 has unexpected type 'float'
2026-06-27 22:49:18 [CRITICAL] iqra: 未捕获的异常
Traceback (most recent call last):
  File "/Volumes/D盘工作区/一人公司宇宙版/one_company_cosmic/modules/astronomy/solar_system/window.py", line 646, in paintEvent
    self._paint_hover_label(p)
  File "/Volumes/D盘工作区/一人公司宇宙版/one_company_cosmic/modules/astronomy/solar_system/window.py", line 521, in _paint_hover_label
    p.drawRoundedRect(tx - pad, ty - fm.height() + 2, tw + pad * 2,
TypeError: arguments did not match any overloaded call:
  drawRoundedRect(self, rect: QRectF, xRadius: float, yRadius: float, mode: Qt.SizeMode = Qt.AbsoluteSize): argument 1 has unexpected type 'float'
  drawRoundedRect(self, x: int, y: int, w: int, h: int, xRadius: float, yRadius: float, mode: Qt.SizeMode = Qt.AbsoluteSize): argument 1 has unexpected type 'float'
  drawRoundedRect(self, rect: QRect, xRadius: float, yRadius: float, mode: Qt.SizeMode = Qt.AbsoluteSize): argument 1 has unexpected type 'float'
2026-06-27 22:49:18 [CRITICAL] iqra: 未捕获的异常
Traceback (most recent call last):
  File "/Volumes/D盘工作区/一人公司宇宙版/one_company_cosmic/modules/astronomy/solar_system/window.py", line 646, in paintEvent
    self._paint_hover_label(p)
  File "/Volumes/D盘工作区/一人公司宇宙版/one_company_cosmic/modules/astronomy/solar_system/window.py", line 521, in _paint_hover_label
    p.drawRoundedRect(tx - pad, ty - fm.height() + 2, tw + pad * 2,
TypeError: arguments did not match any overloaded call:
  drawRoundedRect(self, rect: QRectF, xRadius: float, yRadius: float, mode: Qt.SizeMode = Qt.AbsoluteSize): argument 1 has unexpected type 'float'
  drawRoundedRect(self, x: int, y: int, w: int, h: int, xRadius: float, yRadius: float, mode: Qt.SizeMode = Qt.AbsoluteSize): argument 1 has unexpected type 'float'
  drawRoundedRect(self, rect: QRect, xRadius: float, yRadius: float, mode: Qt.SizeMode = Qt.AbsoluteSize): argument 1 has unexpected type 'float'
2026-06-27 22:49:18 [CRITICAL] iqra: 未捕获的异常
Traceback (most recent call last):
  File "/Volumes/D盘工作区/一人公司宇宙版/one_company_cosmic/modules/astronomy/solar_system/window.py", line 646, in paintEvent
    self._paint_hover_label(p)
  File "/Volumes/D盘工作区/一人公司宇宙版/one_company_cosmic/modules/astronomy/solar_system/window.py", line 521, in _paint_hover_label
    p.drawRoundedRect(tx - pad, ty - fm.height() + 2, tw + pad * 2,
TypeError: arguments did not match any overloaded call:
  drawRoundedRect(self, rect: QRectF, xRadius: float, yRadius: float, mode: Qt.SizeMode = Qt.AbsoluteSize): argument 1 has unexpected type 'float'
  drawRoundedRect(self, x: int, y: int, w: int, h: int, xRadius: float, yRadius: float, mode: Qt.SizeMode = Qt.AbsoluteSize): argument 1 has unexpected type 'float'
  drawRoundedRect(self, rect: QRect, xRadius: float, yRadius: float, mode: Qt.SizeMode = Qt.AbsoluteSize): argument 1 has unexpected type 'float'
2026-06-27 22:49:18 [CRITICAL] iqra: 未捕获的异常
Traceback (most recent call last):
  File "/Volumes/D盘工作区/一人公司宇宙版/one_company_cosmic/modules/astronomy/solar_system/window.py", line 646, in paintEvent
    self._paint_hover_label(p)
  File "/Volumes/D盘工作区/一人公司宇宙版/one_company_cosmic/modules/astronomy/solar_system/window.py", line 521, in _paint_hover_label
    p.drawRoundedRect(tx - pad, ty - fm.height() + 2, tw + pad * 2,
TypeError: arguments did not match any overloaded call:
  drawRoundedRect(self, rect: QRectF, xRadius: float, yRadius: float, mode: Qt.SizeMode = Qt.AbsoluteSize): argument 1 has unexpected type 'float'
  drawRoundedRect(self, x: int, y: int, w: int, h: int, xRadius: float, yRadius: float, mode: Qt.SizeMode = Qt.AbsoluteSize): argument 1 has unexpected type 'float'
  drawRoundedRect(self, rect: QRect, xRadius: float, yRadius: float, mode: Qt.SizeMode = Qt.AbsoluteSize): argument 1 has unexpected type 'float'
2026-06-27 22:49:18 [CRITICAL] iqra: 未捕获的异常
Traceback (most recent call last):
  File "/Volumes/D盘工作区/一人公司宇宙版/one_company_cosmic/modules/astronomy/solar_system/window.py", line 646, in paintEvent
    self._paint_hover_label(p)
  File "/Volumes/D盘工作区/一人公司宇宙版/one_company_cosmic/modules/astronomy/solar_system/window.py", line 521, in _paint_hover_label
    p.drawRoundedRect(tx - pad, ty - fm.height() + 2, tw + pad * 2,
TypeError: arguments did not match any overloaded call:
  drawRoundedRect(self, rect: QRectF, xRadius: float, yRadius: float, mode: Qt.SizeMode = Qt.AbsoluteSize): argument 1 has unexpected type 'float'
  drawRoundedRect(self, x: int, y: int, w: int, h: int, xRadius: float, yRadius: float, mode: Qt.SizeMode = Qt.AbsoluteSize): argument 1 has unexpected type 'float'
  drawRoundedRect(self, rect: QRect, xRadius: float, yRadius: float, mode: Qt.SizeMode = Qt.AbsoluteSize): argument 1 has unexpected type 'float'
2026-06-27 22:49:18 [CRITICAL] iqra: 未捕获的异常
Traceback (most recent call last):
  File "/Volumes/D盘工作区/一人公司宇宙版/one_company_cosmic/modules/astronomy/solar_system/window.py", line 646, in paintEvent
    self._paint_hover_label(p)
  File "/Volumes/D盘工作区/一人公司宇宙版/one_company_cosmic/modules/astronomy/solar_system/window.py", line 521, in _paint_hover_label
    p.drawRoundedRect(tx - pad, ty - fm.height() + 2, tw + pad * 2,
TypeError: arguments did not match any overloaded call:
  drawRoundedRect(self, rect: QRectF, xRadius: float, yRadius: float, mode: Qt.SizeMode = Qt.AbsoluteSize): argument 1 has unexpected type 'float'
  drawRoundedRect(self, x: int, y: int, w: int, h: int, xRadius: float, yRadius: float, mode: Qt.SizeMode = Qt.AbsoluteSize): argument 1 has unexpected type 'float'
  drawRoundedRect(self, rect: QRect, xRadius: float, yRadius: float, mode: Qt.SizeMode = Qt.AbsoluteSize): argument 1 has unexpected type 'float'
2026-06-27 22:49:19 [CRITICAL] iqra: 未捕获的异常
Traceback (most recent call last):
  File "/Volumes/D盘工作区/一人公司宇宙版/one_company_cosmic/modules/astronomy/solar_system/window.py", line 646, in paintEvent
    self._paint_hover_label(p)
  File "/Volumes/D盘工作区/一人公司宇宙版/one_company_cosmic/modules/astronomy/solar_system/window.py", line 521, in _paint_hover_label
    p.drawRoundedRect(tx - pad, ty - fm.height() + 2, tw + pad * 2,
TypeError: arguments did not match any overloaded call:
  drawRoundedRect(self, rect: QRectF, xRadius: float, yRadius: float, mode: Qt.SizeMode = Qt.AbsoluteSize): argument 1 has unexpected type 'float'
  drawRoundedRect(self, x: int, y: int, w: int, h: int, xRadius: float, yRadius: float, mode: Qt.SizeMode = Qt.AbsoluteSize): argument 1 has unexpected type 'float'
  drawRoundedRect(self, rect: QRect, xRadius: float, yRadius: float, mode: Qt.SizeMode = Qt.AbsoluteSize): argument 1 has unexpected type 'float'
2026-06-27 22:49:19 [CRITICAL] iqra: 未捕获的异常
Traceback (most recent call last):
  File "/Volumes/D盘工作区/一人公司宇宙版/one_company_cosmic/modules/astronomy/solar_system/window.py", line 646, in paintEvent
    self._paint_hover_label(p)
  File "/Volumes/D盘工作区/一人公司宇宙版/one_company_cosmic/modules/astronomy/solar_system/window.py", line 521, in _paint_hover_label
    p.drawRoundedRect(tx - pad, ty - fm.height() + 2, tw + pad * 2,
TypeError: arguments did not match any overloaded call:
  drawRoundedRect(self, rect: QRectF, xRadius: float, yRadius: float, mode: Qt.SizeMode = Qt.AbsoluteSize): argument 1 has unexpected type 'float'
  drawRoundedRect(self, x: int, y: int, w: int, h: int, xRadius: float, yRadius: float, mode: Qt.SizeMode = Qt.AbsoluteSize): argument 1 has unexpected type 'float'
  drawRoundedRect(self, rect: QRect, xRadius: float, yRadius: float, mode: Qt.SizeMode = Qt.AbsoluteSize): argument 1 has unexpected type 'float'
2026-06-27 22:49:19 [CRITICAL] iqra: 未捕获的异常
Traceback (most recent call last):
  File "/Volumes/D盘工作区/一人公司宇宙版/one_company_cosmic/modules/astronomy/solar_system/window.py", line 646, in paintEvent
    self._paint_hover_label(p)
  File "/Volumes/D盘工作区/一人公司宇宙版/one_company_cosmic/modules/astronomy/solar_system/window.py", line 521, in _paint_hover_label
    p.drawRoundedRect(tx - pad, ty - fm.height() + 2, tw + pad * 2,
TypeError: arguments did not match any overloaded call:
  drawRoundedRect(self, rect: QRectF, xRadius: float, yRadius: float, mode: Qt.SizeMode = Qt.AbsoluteSize): argument 1 has unexpected type 'float'
  drawRoundedRect(self, x: int, y: int, w: int, h: int, xRadius: float, yRadius: float, mode: Qt.SizeMode = Qt.AbsoluteSize): argument 1 has unexpected type 'float'
  drawRoundedRect(self, rect: QRect, xRadius: float, yRadius: float, mode: Qt.SizeMode = Qt.AbsoluteSize): argument 1 has unexpected type 'float'
2026-06-27 22:49:19 [CRITICAL] iqra: 未捕获的异常
Traceback (most recent call last):
  File "/Volumes/D盘工作区/一人公司宇宙版/one_company_cosmic/modules/astronomy/solar_system/window.py", line 646, in paintEvent
    self._paint_hover_label(p)
  File "/Volumes/D盘工作区/一人公司宇宙版/one_company_cosmic/modules/astronomy/solar_system/window.py", line 521, in _paint_hover_label
    p.drawRoundedRect(tx - pad, ty - fm.height() + 2, tw + pad * 2,
TypeError: arguments did not match any overloaded call:
  drawRoundedRect(self, rect: QRectF, xRadius: float, yRadius: float, mode: Qt.SizeMode = Qt.AbsoluteSize): argument 1 has unexpected type 'float'
  drawRoundedRect(self, x: int, y: int, w: int, h: int, xRadius: float, yRadius: float, mode: Qt.SizeMode = Qt.AbsoluteSize): argument 1 has unexpected type 'float'
  drawRoundedRect(self, rect: QRect, xRadius: float, yRadius: float, mode: Qt.SizeMode = Qt.AbsoluteSize): argument 1 has unexpected type 'float'
2026-06-27 22:49:19 [CRITICAL] iqra: 未捕获的异常
Traceback (most recent call last):
  File "/Volumes/D盘工作区/一人公司宇宙版/one_company_cosmic/modules/astronomy/solar_system/window.py", line 646, in paintEvent
    self._paint_hover_label(p)
  File "/Volumes/D盘工作区/一人公司宇宙版/one_company_cosmic/modules/astronomy/solar_system/window.py", line 521, in _paint_hover_label
    p.drawRoundedRect(tx - pad, ty - fm.height() + 2, tw + pad * 2,
TypeError: arguments did not match any overloaded call:
  drawRoundedRect(self, rect: QRectF, xRadius: float, yRadius: float, mode: Qt.SizeMode = Qt.AbsoluteSize): argument 1 has unexpected type 'float'
  drawRoundedRect(self, x: int, y: int, w: int, h: int, xRadius: float, yRadius: float, mode: Qt.SizeMode = Qt.AbsoluteSize): argument 1 has unexpected type 'float'
  drawRoundedRect(self, rect: QRect, xRadius: float, yRadius: float, mode: Qt.SizeMode = Qt.AbsoluteSize): argument 1 has unexpected type 'float'
2026-06-27 22:49:19 [CRITICAL] iqra: 未捕获的异常
Traceback (most recent call last):
  File "/Volumes/D盘工作区/一人公司宇宙版/one_company_cosmic/modules/astronomy/solar_system/window.py", line 646, in paintEvent
    self._paint_hover_label(p)
  File "/Volumes/D盘工作区/一人公司宇宙版/one_company_cosmic/modules/astronomy/solar_system/window.py", line 521, in _paint_hover_label
    p.drawRoundedRect(tx - pad, ty - fm.height() + 2, tw + pad * 2,
TypeError: arguments did not match any overloaded call:
  drawRoundedRect(self, rect: QRectF, xRadius: float, yRadius: float, mode: Qt.SizeMode = Qt.AbsoluteSize): argument 1 has unexpected type 'float'
  drawRoundedRect(self, x: int, y: int, w: int, h: int, xRadius: float, yRadius: float, mode: Qt.SizeMode = Qt.AbsoluteSize): argument 1 has unexpected type 'float'
  drawRoundedRect(self, rect: QRect, xRadius: float, yRadius: float, mode: Qt.SizeMode = Qt.AbsoluteSize): argument 1 has unexpected type 'float'
2026-06-27 22:49:19 [CRITICAL] iqra: 未捕获的异常
Traceback (most recent call last):
  File "/Volumes/D盘工作区/一人公司宇宙版/one_company_cosmic/modules/astronomy/solar_system/window.py", line 646, in paintEvent
    self._paint_hover_label(p)
  File "/Volumes/D盘工作区/一人公司宇宙版/one_company_cosmic/modules/astronomy/solar_system/window.py", line 521, in _paint_hover_label
    p.drawRoundedRect(tx - pad, ty - fm.height() + 2, tw + pad * 2,
TypeError: arguments did not match any overloaded call:
  drawRoundedRect(self, rect: QRectF, xRadius: float, yRadius: float, mode: Qt.SizeMode = Qt.AbsoluteSize): argument 1 has unexpected type 'float'
  drawRoundedRect(self, x: int, y: int, w: int, h: int, xRadius: float, yRadius: float, mode: Qt.SizeMode = Qt.AbsoluteSize): argument 1 has unexpected type 'float'
  drawRoundedRect(self, rect: QRect, xRadius: float, yRadius: float, mode: Qt.SizeMode = Qt.AbsoluteSize): argument 1 has unexpected type 'float'
2026-06-27 23:20:28 [INFO] iqra: Iqra 日志系统已启动 (level=INFO, json=False)
2026-06-27 23:20:28 [CRITICAL] iqra: 未捕获的异常
Traceback (most recent call last):
  File "/Volumes/D盘工作区/一人公司宇宙版/one_company_cosmic/modules/intelligence/intelligence_window.py", line 176, in showEvent
    from core.ad_launcher import check_and_prompt_ad
ModuleNotFoundError: No module named 'core.ad_launcher'
2026-06-27 23:20:28 [CRITICAL] iqra: 未捕获的异常
Traceback (most recent call last):
  File "/Volumes/D盘工作区/一人公司宇宙版/one_company_cosmic/modules/intelligence/iqra_floating_planet.py", line 197, in showEvent
    from core.ad_launcher import check_and_prompt_ad
ModuleNotFoundError: No module named 'core.ad_launcher'
2026-06-27 23:45:54 [INFO] iqra: Iqra 日志系统已启动 (level=INFO, json=False)
2026-06-27 23:45:54 [CRITICAL] iqra: 未捕获的异常
Traceback (most recent call last):
  File "/Volumes/D盘工作区/一人公司宇宙版/one_company_cosmic/modules/intelligence/intelligence_window.py", line 176, in showEvent
    from core.ad_launcher import check_and_prompt_ad
ModuleNotFoundError: No module named 'core.ad_launcher'
2026-06-27 23:45:54 [CRITICAL] iqra: 未捕获的异常
Traceback (most recent call last):
  File "/Volumes/D盘工作区/一人公司宇宙版/one_company_cosmic/modules/intelligence/iqra_floating_planet.py", line 197, in showEvent
    from core.ad_launcher import check_and_prompt_ad
ModuleNotFoundError: No module named 'core.ad_launcher'
