2026-05-21 15:43:19 [INFO] iqra: [ConfigManager] 已恢复 cloud:阿里云百炼 的 API Key
2026-05-21 15:43:19 [ERROR] iqra: [Iqra] Voice init failed: 'NoneType' object is not callable
2026-05-21 15:43:27 [INFO] iqra: [ConfigManager] 已恢复 cloud:阿里云百炼 的 API Key
2026-05-21 15:44:24 [INFO] iqra: [ConfigManager] 已恢复 cloud:阿里云百炼 的 API Key
2026-05-21 15:44:24 [ERROR] iqra: [Iqra] Voice init failed: 'NoneType' object is not callable
2026-05-21 15:44:25 [INFO] iqra: [ConfigManager] 已恢复 cloud:阿里云百炼 的 API Key
2026-05-21 15:44:25 [ERROR] iqra: [Iqra] Voice init failed: 'NoneType' object is not callable
2026-05-21 15:56:40 [INFO] iqra: [ConfigManager] 已恢复 cloud:阿里云百炼 的 API Key
2026-05-21 15:56:40 [ERROR] iqra: [Iqra] Voice init failed: 'NoneType' object is not callable
2026-05-21 15:56:47 [INFO] iqra: [ConfigManager] 已恢复 cloud:阿里云百炼 的 API Key
2026-05-21 15:58:35 [INFO] iqra: [ConfigManager] 已恢复 cloud:阿里云百炼 的 API Key
2026-05-21 15:58:36 [ERROR] iqra: [Iqra] Voice init failed: 'NoneType' object is not callable
2026-05-21 15:58:36 [INFO] iqra: [ConfigManager] 已恢复 cloud:阿里云百炼 的 API Key
2026-05-21 15:58:36 [ERROR] iqra: [Iqra] Voice init failed: 'NoneType' object is not callable
2026-05-21 15:58:45 [INFO] iqra: [ConfigManager] 已恢复 cloud:阿里云百炼 的 API Key
2026-05-21 15:58:46 [ERROR] iqra: [Iqra] Voice init failed: 'NoneType' object is not callable
2026-05-21 15:58:46 [INFO] iqra: [ConfigManager] 已恢复 cloud:阿里云百炼 的 API Key
2026-05-21 15:58:46 [ERROR] iqra: [Iqra] Voice init failed: 'NoneType' object is not callable
2026-05-21 15:58:55 [INFO] iqra: [ConfigManager] 已恢复 cloud:阿里云百炼 的 API Key
2026-05-21 16:03:19 [INFO] iqra: [ConfigManager] 已恢复 cloud:阿里云百炼 的 API Key
2026-05-21 16:03:19 [ERROR] iqra: [Iqra] Voice init failed: 'NoneType' object is not callable
2026-05-21 16:03:26 [INFO] iqra: [ConfigManager] 已恢复 cloud:阿里云百炼 的 API Key
2026-05-21 16:03:34 [INFO] iqra: [ConfigManager] 已恢复 cloud:阿里云百炼 的 API Key
2026-05-21 16:03:34 [ERROR] iqra: [Iqra] Voice init failed: 'NoneType' object is not callable
2026-05-21 16:03:35 [INFO] iqra: [ConfigManager] 已恢复 cloud:阿里云百炼 的 API Key
2026-05-21 16:03:35 [ERROR] iqra: [Iqra] Voice init failed: 'NoneType' object is not callable
2026-05-21 16:03:35 [INFO] iqra: [ConfigManager] 已恢复 cloud:阿里云百炼 的 API Key
2026-05-21 16:03:36 [ERROR] iqra: [Iqra] Voice init failed: 'NoneType' object is not callable
2026-05-21 16:31:05 [INFO] iqra: Iqra 日志系统已启动
2026-05-21 16:31:05 [INFO] main: Initializing Iqra...
2026-05-21 16:31:05 [WARNING] main: 当前 Provider (阿里云百炼) 的 api_key 为空，AI 功能可能无法使用
2026-05-21 16:31:05 [INFO] iqra: [ConfigManager] 已恢复 cloud:阿里云百炼 的 API Key
2026-05-21 16:31:05 [ERROR] iqra: [Iqra] Voice init failed: 'NoneType' object is not callable
2026-05-21 17:04:28 [INFO] iqra: Iqra 日志系统已启动
2026-05-21 17:04:28 [INFO] main: Initializing Iqra...
2026-05-21 17:04:28 [WARNING] main: 当前 Provider (阿里云百炼) 的 api_key 为空，AI 功能可能无法使用
2026-05-21 17:04:28 [INFO] iqra: [ConfigManager] 已恢复 cloud:阿里云百炼 的 API Key
2026-05-21 17:04:29 [ERROR] iqra: [Iqra] Voice init failed: 'NoneType' object is not callable
2026-05-21 21:13:32 [INFO] iqra: [ConfigManager] 已恢复 cloud:阿里云百炼 的 API Key
2026-05-21 21:13:33 [ERROR] iqra: [Iqra] Voice init failed: 'NoneType' object is not callable
2026-05-21 21:13:41 [INFO] iqra: [ConfigManager] 已恢复 cloud:阿里云百炼 的 API Key
2026-05-21 21:15:13 [INFO] iqra: [ConfigManager] 已恢复 cloud:阿里云百炼 的 API Key
2026-05-21 21:15:14 [ERROR] iqra: [Iqra] Voice init failed: 'NoneType' object is not callable
2026-05-21 21:15:14 [INFO] iqra: [ConfigManager] 已恢复 cloud:阿里云百炼 的 API Key
2026-05-21 21:15:14 [ERROR] iqra: [Iqra] Voice init failed: 'NoneType' object is not callable
2026-05-21 21:15:28 [INFO] iqra: [ConfigManager] 已恢复 cloud:阿里云百炼 的 API Key
2026-05-21 21:15:28 [ERROR] iqra: [Iqra] Voice init failed: 'NoneType' object is not callable
2026-05-21 21:15:28 [INFO] iqra: [ConfigManager] 已恢复 cloud:阿里云百炼 的 API Key
2026-05-21 21:15:29 [ERROR] iqra: [Iqra] Voice init failed: 'NoneType' object is not callable
2026-05-21 21:15:37 [INFO] iqra: [ConfigManager] 已恢复 cloud:阿里云百炼 的 API Key
2026-05-21 21:16:06 [INFO] iqra: [ConfigManager] 已恢复 cloud:阿里云百炼 的 API Key
2026-05-21 21:16:06 [ERROR] iqra: [Iqra] Voice init failed: 'NoneType' object is not callable
2026-05-21 21:18:34 [INFO] iqra: [ConfigManager] 已恢复 cloud:阿里云百炼 的 API Key
2026-05-21 21:18:35 [ERROR] iqra: [Iqra] Voice init failed: 'NoneType' object is not callable
2026-05-21 21:21:59 [INFO] iqra: [ConfigManager] 已恢复 cloud:阿里云百炼 的 API Key
2026-05-21 21:22:00 [ERROR] iqra: [Iqra] Voice init failed: 'NoneType' object is not callable
2026-05-21 21:23:13 [INFO] iqra: [ConfigManager] 已恢复 cloud:阿里云百炼 的 API Key
2026-05-21 21:23:13 [ERROR] iqra: [Iqra] Voice init failed: 'NoneType' object is not callable
2026-05-21 22:16:40 [INFO] iqra: [ConfigManager] 已恢复 cloud:阿里云百炼 的 API Key
2026-05-21 22:16:40 [ERROR] iqra: [Iqra] Voice init failed: 'NoneType' object is not callable
2026-05-21 22:17:25 [INFO] iqra: [ConfigManager] 已恢复 cloud:阿里云百炼 的 API Key
2026-05-21 22:17:25 [ERROR] iqra: [Iqra] Voice init failed: 'NoneType' object is not callable
2026-05-21 22:17:25 [ERROR] iqra: [Chat] Hermes 桥接失败: No module named 'core.tool_registry'
2026-05-21 22:17:32 [INFO] iqra: [ConfigManager] 已恢复 cloud:阿里云百炼 的 API Key
2026-05-21 22:17:34 [INFO] iqra: [ConfigManager] 已恢复 cloud:阿里云百炼 的 API Key
2026-05-21 22:17:35 [ERROR] iqra: [Iqra] Voice init failed: 'NoneType' object is not callable
2026-05-21 22:21:11 [INFO] iqra: [ConfigManager] 已恢复 cloud:阿里云百炼 的 API Key
2026-05-21 22:21:12 [ERROR] iqra: [Iqra] Voice init failed: 'NoneType' object is not callable
2026-05-21 22:30:37 [INFO] iqra: [ConfigManager] 已恢复 cloud:阿里云百炼 的 API Key
2026-05-21 22:30:38 [ERROR] iqra: [Iqra] Voice init failed: 'NoneType' object is not callable
2026-05-21 22:30:38 [ERROR] iqra: [Chat] Hermes 桥接失败: No module named 'core.tool_registry'
2026-05-21 22:30:47 [INFO] iqra: [ConfigManager] 已恢复 cloud:阿里云百炼 的 API Key
