2026-06-21 00:04:33 [INFO] iqra: Iqra 日志系统已启动 (level=INFO, json=False)
2026-06-21 00:11:31 [INFO] iqra: Iqra 日志系统已启动 (level=INFO, json=False)
2026-06-21 08:08:31 [INFO] iqra: Iqra 日志系统已启动 (level=INFO, json=False)
2026-06-21 08:38:51 [INFO] iqra: Iqra 日志系统已启动 (level=INFO, json=False)
2026-06-21 09:00:01 [INFO] iqra: Iqra 日志系统已启动 (level=INFO, json=False)
2026-06-21 09:09:43 [INFO] iqra: Iqra 日志系统已启动 (level=INFO, json=False)
2026-06-21 09:13:18 [INFO] iqra: Iqra 日志系统已启动 (level=INFO, json=False)
2026-06-21 09:20:11 [INFO] iqra: Iqra 日志系统已启动 (level=INFO, json=False)
2026-06-21 09:24:10 [INFO] iqra: Iqra 日志系统已启动 (level=INFO, json=False)
2026-06-21 09:34:58 [INFO] iqra: Iqra 日志系统已启动 (level=INFO, json=False)
2026-06-21 09:41:29 [INFO] iqra: Iqra 日志系统已启动 (level=INFO, json=False)
2026-06-21 09:49:56 [INFO] iqra: Iqra 日志系统已启动 (level=INFO, json=False)
2026-06-21 09:51:44 [INFO] iqra: Iqra 日志系统已启动 (level=INFO, json=False)
2026-06-21 09:55:16 [INFO] iqra: Iqra 日志系统已启动 (level=INFO, json=False)
2026-06-21 09:56:05 [INFO] iqra: Iqra 日志系统已启动 (level=INFO, json=False)
2026-06-21 09:57:25 [INFO] iqra: Iqra 日志系统已启动 (level=INFO, json=False)
2026-06-21 09:59:42 [INFO] iqra: Iqra 日志系统已启动 (level=INFO, json=False)
2026-06-21 10:00:00 [CRITICAL] iqra: 未捕获的异常
Traceback (most recent call last):
  File "/Volumes/D盘工作区/一人公司宇宙版/one_company_cosmic/modules/astronomy/solar_system/window.py", line 325, in _open_map
    from PyQt5.QtWebEngineWidgets import QWebEngineView
ModuleNotFoundError: No module named 'PyQt5.QtWebEngineWidgets'
2026-06-21 10:00:58 [CRITICAL] iqra: 未捕获的异常
Traceback (most recent call last):
  File "/Volumes/D盘工作区/一人公司宇宙版/one_company_cosmic/modules/astronomy/solar_system/window.py", line 325, in _open_map
    from PyQt5.QtWebEngineWidgets import QWebEngineView
ModuleNotFoundError: No module named 'PyQt5.QtWebEngineWidgets'
2026-06-21 10:08:00 [CRITICAL] iqra: 未捕获的异常
Traceback (most recent call last):
  File "/Volumes/D盘工作区/一人公司宇宙版/one_company_cosmic/modules/astronomy/solar_system/window.py", line 325, in _open_map
    from PyQt5.QtWebEngineWidgets import QWebEngineView
ModuleNotFoundError: No module named 'PyQt5.QtWebEngineWidgets'
2026-06-21 10:10:04 [INFO] iqra: Iqra 日志系统已启动 (level=INFO, json=False)
2026-06-21 10:10:20 [CRITICAL] iqra: 未捕获的异常
Traceback (most recent call last):
  File "/Volumes/D盘工作区/一人公司宇宙版/one_company_cosmic/modules/astronomy/solar_system/window.py", line 325, in _open_map
    from PyQt5.QtWebEngineWidgets import QWebEngineView
ModuleNotFoundError: No module named 'PyQt5.QtWebEngineWidgets'
2026-06-21 10:10:26 [CRITICAL] iqra: 未捕获的异常
Traceback (most recent call last):
  File "/Volumes/D盘工作区/一人公司宇宙版/one_company_cosmic/modules/astronomy/solar_system/window.py", line 325, in _open_map
    from PyQt5.QtWebEngineWidgets import QWebEngineView
ModuleNotFoundError: No module named 'PyQt5.QtWebEngineWidgets'
2026-06-21 10:13:19 [CRITICAL] iqra: 未捕获的异常
Traceback (most recent call last):
  File "/Volumes/D盘工作区/一人公司宇宙版/one_company_cosmic/modules/astronomy/solar_system/window.py", line 325, in _open_map
    from PyQt5.QtWebEngineWidgets import QWebEngineView
ModuleNotFoundError: No module named 'PyQt5.QtWebEngineWidgets'
2026-06-21 10:19:56 [CRITICAL] iqra: 未捕获的异常
Traceback (most recent call last):
  File "/Volumes/D盘工作区/一人公司宇宙版/one_company_cosmic/modules/astronomy/solar_system/window.py", line 325, in _open_map
    from PyQt5.QtWebEngineWidgets import QWebEngineView
ModuleNotFoundError: No module named 'PyQt5.QtWebEngineWidgets'
2026-06-21 10:22:52 [INFO] iqra: Iqra 日志系统已启动 (level=INFO, json=False)
2026-06-21 10:23:07 [CRITICAL] iqra: 未捕获的异常
Traceback (most recent call last):
  File "/Volumes/D盘工作区/一人公司宇宙版/one_company_cosmic/modules/astronomy/solar_system/window.py", line 325, in _open_map
    from PyQt5.QtWebEngineWidgets import QWebEngineView
ModuleNotFoundError: No module named 'PyQt5.QtWebEngineWidgets'
2026-06-21 10:23:15 [CRITICAL] iqra: 未捕获的异常
Traceback (most recent call last):
  File "/Volumes/D盘工作区/一人公司宇宙版/one_company_cosmic/modules/astronomy/solar_system/window.py", line 325, in _open_map
    from PyQt5.QtWebEngineWidgets import QWebEngineView
ModuleNotFoundError: No module named 'PyQt5.QtWebEngineWidgets'
2026-06-21 10:33:24 [INFO] iqra: Iqra 日志系统已启动 (level=INFO, json=False)
2026-06-21 10:39:11 [INFO] iqra: Iqra 日志系统已启动 (level=INFO, json=False)
2026-06-21 10:39:24 [CRITICAL] iqra: 未捕获的异常
Traceback (most recent call last):
  File "/Volumes/D盘工作区/一人公司宇宙版/one_company_cosmic/modules/astronomy/solar_system/window.py", line 325, in _open_map
    from PyQt5.QtWebEngineWidgets import QWebEngineView
ModuleNotFoundError: No module named 'PyQt5.QtWebEngineWidgets'
2026-06-21 10:39:32 [CRITICAL] iqra: 未捕获的异常
Traceback (most recent call last):
  File "/Volumes/D盘工作区/一人公司宇宙版/one_company_cosmic/modules/astronomy/solar_system/window.py", line 325, in _open_map
    from PyQt5.QtWebEngineWidgets import QWebEngineView
ModuleNotFoundError: No module named 'PyQt5.QtWebEngineWidgets'
2026-06-21 10:40:43 [INFO] iqra: Iqra 日志系统已启动 (level=INFO, json=False)
2026-06-21 10:46:10 [INFO] iqra: Iqra 日志系统已启动 (level=INFO, json=False)
2026-06-21 10:56:08 [INFO] iqra: Iqra 日志系统已启动 (level=INFO, json=False)
2026-06-21 10:58:15 [WARNING] iqra: Workspace context injection failed: SQLite objects created in a thread can only be used in that same thread. The object was created in thread id 8414977664 and this is thread id 6100267008.
2026-06-21 11:00:23 [WARNING] iqra: Workspace context injection failed: SQLite objects created in a thread can only be used in that same thread. The object was created in thread id 8414977664 and this is thread id 6098546688.
2026-06-21 11:01:00 [WARNING] iqra.core.token_optimizer: Token optimization failed: 'NoneType' object has no attribute 'lower'
2026-06-21 11:07:00 [WARNING] iqra.core.token_optimizer: Token optimization failed: 'NoneType' object has no attribute 'lower'
2026-06-21 11:07:07 [WARNING] iqra.core.token_optimizer: Token optimization failed: 'NoneType' object has no attribute 'lower'
2026-06-21 11:07:07 [WARNING] iqra.core.token_optimizer: Token optimization failed: 'NoneType' object has no attribute 'lower'
2026-06-21 11:08:27 [WARNING] iqra: Workspace context injection failed: SQLite objects created in a thread can only be used in that same thread. The object was created in thread id 8414977664 and this is thread id 6100267008.
2026-06-21 11:08:27 [WARNING] iqra.core.token_optimizer: Token optimization failed: 'NoneType' object has no attribute 'lower'
2026-06-21 11:09:03 [WARNING] iqra.core.token_optimizer: Token optimization failed: 'NoneType' object has no attribute 'lower'
2026-06-21 11:09:03 [WARNING] iqra.core.token_optimizer: Token optimization failed: 'NoneType' object has no attribute 'lower'
2026-06-21 11:09:23 [WARNING] iqra.core.token_optimizer: Token optimization failed: object of type 'NoneType' has no len()
2026-06-21 11:09:23 [WARNING] iqra.core.token_optimizer: Token optimization failed: object of type 'NoneType' has no len()
2026-06-21 11:10:10 [WARNING] iqra: Workspace context injection failed: SQLite objects created in a thread can only be used in that same thread. The object was created in thread id 8414977664 and this is thread id 6100267008.
2026-06-21 11:10:10 [WARNING] iqra.core.token_optimizer: Token optimization failed: object of type 'NoneType' has no len()
2026-06-21 11:10:53 [WARNING] iqra.core.token_optimizer: Token optimization failed: object of type 'NoneType' has no len()
2026-06-21 11:10:53 [WARNING] iqra.core.token_optimizer: Token optimization failed: object of type 'NoneType' has no len()
2026-06-21 11:11:15 [WARNING] iqra.core.token_optimizer: Token optimization failed: object of type 'NoneType' has no len()
2026-06-21 11:11:15 [WARNING] iqra.core.token_optimizer: Token optimization failed: object of type 'NoneType' has no len()
2026-06-21 11:13:38 [WARNING] iqra: Workspace context injection failed: SQLite objects created in a thread can only be used in that same thread. The object was created in thread id 8414977664 and this is thread id 6100267008.
2026-06-21 11:13:38 [WARNING] iqra.core.token_optimizer: Token optimization failed: object of type 'NoneType' has no len()
2026-06-21 11:14:25 [WARNING] iqra.core.token_optimizer: Token optimization failed: object of type 'NoneType' has no len()
2026-06-21 11:18:30 [WARNING] iqra: Workspace context injection failed: SQLite objects created in a thread can only be used in that same thread. The object was created in thread id 8414977664 and this is thread id 6097399808.
2026-06-21 11:18:30 [WARNING] iqra.core.token_optimizer: Token optimization failed: object of type 'NoneType' has no len()
2026-06-21 11:20:25 [INFO] iqra: Iqra 日志系统已启动 (level=INFO, json=False)
2026-06-21 11:25:48 [INFO] iqra: Iqra 日志系统已启动 (level=INFO, json=False)
2026-06-21 11:30:17 [INFO] iqra: Iqra 日志系统已启动 (level=INFO, json=False)
2026-06-21 11:30:25 [CRITICAL] iqra: 未捕获的异常
Traceback (most recent call last):
  File "/Volumes/D盘工作区/一人公司宇宙版/one_company_cosmic/modules/astronomy/solar_system/window.py", line 351, in _open_map
    from PyQt5.QtWebEngineWidgets import QWebEngineView
ModuleNotFoundError: No module named 'PyQt5.QtWebEngineWidgets'
2026-06-21 11:30:30 [CRITICAL] iqra: 未捕获的异常
Traceback (most recent call last):
  File "/Volumes/D盘工作区/一人公司宇宙版/one_company_cosmic/modules/astronomy/solar_system/window.py", line 351, in _open_map
    from PyQt5.QtWebEngineWidgets import QWebEngineView
ModuleNotFoundError: No module named 'PyQt5.QtWebEngineWidgets'
2026-06-21 11:35:34 [INFO] iqra: Iqra 日志系统已启动 (level=INFO, json=False)
2026-06-21 11:57:25 [INFO] iqra: Iqra 日志系统已启动 (level=INFO, json=False)
2026-06-21 11:58:45 [INFO] iqra: Iqra 日志系统已启动 (level=INFO, json=False)
2026-06-21 12:30:33 [INFO] iqra: Iqra 日志系统已启动 (level=INFO, json=False)
2026-06-21 12:30:38 [CRITICAL] iqra: 未捕获的异常
Traceback (most recent call last):
  File "/Volumes/D盘工作区/一人公司宇宙版/one_company_cosmic/modules/ad_player.py", line 316, in paintEvent
    p.drawEllipse(QPointF(cx, cy), r, r)
NameError: name 'QPointF' is not defined
2026-06-21 12:30:38 [CRITICAL] iqra: 未捕获的异常
Traceback (most recent call last):
  File "/Volumes/D盘工作区/一人公司宇宙版/one_company_cosmic/modules/ad_player.py", line 316, in paintEvent
    p.drawEllipse(QPointF(cx, cy), r, r)
NameError: name 'QPointF' is not defined
2026-06-21 12:30:38 [CRITICAL] iqra: 未捕获的异常
Traceback (most recent call last):
  File "/Volumes/D盘工作区/一人公司宇宙版/one_company_cosmic/modules/ad_player.py", line 316, in paintEvent
    p.drawEllipse(QPointF(cx, cy), r, r)
NameError: name 'QPointF' is not defined
2026-06-21 12:32:20 [INFO] iqra: Iqra 日志系统已启动 (level=INFO, json=False)
