[2026-06-11 05:49:30] /Volumes/D盘工作区/一人公司/one_company_cosmic/data/order.db: 初始化 schema v1
[2026-06-11 05:49:30] /Volumes/D盘工作区/一人公司/one_company_cosmic/data/product.db: 初始化 schema v1
[2026-06-11 05:49:30] /Volumes/D盘工作区/一人公司/one_company_cosmic/data/customer.db: 初始化 schema v1
[2026-06-11 05:49:30] /Volumes/D盘工作区/一人公司/one_company_cosmic/data/finance.db: 初始化 schema v1
[2026-06-11 05:49:30] /Volumes/D盘工作区/一人公司/one_company_cosmic/data/member.db: 初始化 schema v1
[2026-06-11 05:49:30] /Volumes/D盘工作区/一人公司/one_company_cosmic/data/users.db: 初始化 schema v1
[2026-06-19 12:10:15] /Volumes/D盘工作区/一人公司宇宙版/one_company_cosmic/data/staff.db: 初始化 schema v1
[2026-06-19 12:10:15] /Volumes/D盘工作区/一人公司宇宙版/one_company_cosmic/data/wallet.db: 初始化 schema v1
[2026-06-19 12:10:15] /Volumes/D盘工作区/一人公司宇宙版/one_company_cosmic/data/distribution.db: 初始化 schema v1
[2026-06-19 12:12:42] /Volumes/D盘工作区/一人公司宇宙版/one_company_cosmic/data/activation_admin.db: 初始化 schema v1
[2026-06-19 12:29:04] /Volumes/D盘工作区/一人公司宇宙版/one_company_cosmic/data/order.db: 初始化 schema v1
[2026-06-19 12:29:04] /Volumes/D盘工作区/一人公司宇宙版/one_company_cosmic/data/finance.db: 初始化 schema v1
[2026-06-19 12:29:04] /Volumes/D盘工作区/一人公司宇宙版/one_company_cosmic/data/member.db: 初始化 schema v1
[2026-06-19 12:29:04] /Volumes/D盘工作区/一人公司宇宙版/one_company_cosmic/data/users.db: 初始化 schema v1
[2026-06-19 12:29:04] /Volumes/D盘工作区/一人公司宇宙版/one_company_cosmic/data/product.db: 初始化 schema v1
[2026-06-19 12:29:04] /Volumes/D盘工作区/一人公司宇宙版/one_company_cosmic/data/staff.db: 初始化 schema v1
[2026-06-19 12:29:04] /Volumes/D盘工作区/一人公司宇宙版/one_company_cosmic/data/customer.db: 初始化 schema v1
[2026-06-19 12:29:04] /Volumes/D盘工作区/一人公司宇宙版/one_company_cosmic/data/wallet.db: 初始化 schema v1
[2026-06-19 12:29:04] /Volumes/D盘工作区/一人公司宇宙版/one_company_cosmic/data/distribution.db: 初始化 schema v1
[2026-06-19 12:29:04] /Volumes/D盘工作区/一人公司宇宙版/one_company_cosmic/data/activation_admin.db: 初始化 schema v1
