2026-06-19 05:56:34 [INFO] opcclaw: OPCclaw 日志系统已启动 (level=INFO, json=False)
2026-06-19 05:57:33 [INFO] opcclaw: OPCclaw 日志系统已启动 (level=INFO, json=False)
2026-06-19 05:57:57 [WARNING] opcclaw: Workspace context injection failed: SQLite objects created in a thread can only be used in that same thread. The object was created in thread id 8414977664 and this is thread id 6151745536.
2026-06-19 06:01:02 [WARNING] opcclaw: Workspace context injection failed: SQLite objects created in a thread can only be used in that same thread. The object was created in thread id 8414977664 and this is thread id 6134345728.
2026-06-19 06:02:36 [WARNING] opcclaw: Workspace context injection failed: SQLite objects created in a thread can only be used in that same thread. The object was created in thread id 8414977664 and this is thread id 6151745536.
2026-06-19 06:03:27 [WARNING] opcclaw.core.token_optimizer: Token optimization failed: 'NoneType' object has no attribute 'lower'
2026-06-19 06:07:09 [INFO] opcclaw: OPCclaw 日志系统已启动 (level=INFO, json=False)
2026-06-19 06:08:31 [INFO] opcclaw: OPCclaw 日志系统已启动 (level=INFO, json=False)
2026-06-19 06:09:43 [INFO] opcclaw: OPCclaw 日志系统已启动 (level=INFO, json=False)
2026-06-19 06:10:58 [INFO] opcclaw: OPCclaw 日志系统已启动 (level=INFO, json=False)
2026-06-19 06:11:50 [INFO] opcclaw: OPCclaw 日志系统已启动 (level=INFO, json=False)
2026-06-19 06:12:21 [INFO] opcclaw: OPCclaw 日志系统已启动 (level=INFO, json=False)
2026-06-19 06:16:30 [INFO] opcclaw: OPCclaw 日志系统已启动 (level=INFO, json=False)
2026-06-19 06:22:13 [INFO] opcclaw: OPCclaw 日志系统已启动 (level=INFO, json=False)
2026-06-19 06:25:59 [INFO] opcclaw: OPCclaw 日志系统已启动 (level=INFO, json=False)
2026-06-19 06:31:25 [INFO] opcclaw: OPCclaw 日志系统已启动 (level=INFO, json=False)
2026-06-19 06:35:18 [INFO] opcclaw: OPCclaw 日志系统已启动 (level=INFO, json=False)
2026-06-19 06:36:19 [INFO] opcclaw: OPCclaw 日志系统已启动 (level=INFO, json=False)
2026-06-19 06:37:14 [INFO] opcclaw: OPCclaw 日志系统已启动 (level=INFO, json=False)
2026-06-19 06:40:57 [INFO] opcclaw: OPCclaw 日志系统已启动 (level=INFO, json=False)
2026-06-19 06:42:36 [INFO] opcclaw: OPCclaw 日志系统已启动 (level=INFO, json=False)
2026-06-19 06:45:52 [INFO] opcclaw: OPCclaw 日志系统已启动 (level=INFO, json=False)
2026-06-19 06:46:01 [INFO] opcclaw: OPCclaw 日志系统已启动 (level=INFO, json=False)
2026-06-19 06:47:14 [INFO] opcclaw: OPCclaw 日志系统已启动 (level=INFO, json=False)
2026-06-19 06:48:30 [INFO] opcclaw: OPCclaw 日志系统已启动 (level=INFO, json=False)
2026-06-19 06:50:14 [INFO] opcclaw: OPCclaw 日志系统已启动 (level=INFO, json=False)
2026-06-19 06:52:30 [INFO] opcclaw: OPCclaw 日志系统已启动 (level=INFO, json=False)
2026-06-19 06:57:06 [INFO] opcclaw: OPCclaw 日志系统已启动 (level=INFO, json=False)
2026-06-19 07:04:00 [INFO] opcclaw: OPCclaw 日志系统已启动 (level=INFO, json=False)
2026-06-19 07:04:00 [CRITICAL] opcclaw: 未捕获的异常
Traceback (most recent call last):
  File "/Volumes/D盘工作区/一人公司宇宙版/one_company_cosmic/planet_daemon.py", line 262, in main
    from modules.intelligence.opcclaw_floating_planet import FloatingPlanet
  File "/Volumes/D盘工作区/一人公司宇宙版/one_company_cosmic/modules/intelligence/opcclaw_floating_planet.py", line 13, in <module>
    from PyQt5.QtCore import (
ImportError: cannot import name 'QRegion' from 'PyQt5.QtCore' (/Users/opc/Library/Python/3.9/lib/python/site-packages/PyQt5/QtCore.abi3.so)

During handling of the above exception, another exception occurred:

Traceback (most recent call last):
  File "/Volumes/D盘工作区/一人公司宇宙版/one_company_cosmic/planet_daemon.py", line 333, in <module>
    exit_code = main()
  File "/Volumes/D盘工作区/一人公司宇宙版/one_company_cosmic/planet_daemon.py", line 321, in main
    traceback.print_exc()
  File "/Applications/Xcode.app/Contents/Developer/Library/Frameworks/Python3.framework/Versions/3.9/lib/python3.9/traceback.py", line 163, in print_exc
    print_exception(*sys.exc_info(), limit=limit, file=file, chain=chain)
  File "/Applications/Xcode.app/Contents/Developer/Library/Frameworks/Python3.framework/Versions/3.9/lib/python3.9/traceback.py", line 105, in print_exception
    print(line, file=file, end="")
BrokenPipeError: [Errno 32] Broken pipe
2026-06-19 07:04:18 [INFO] opcclaw: OPCclaw 日志系统已启动 (level=INFO, json=False)
2026-06-19 07:06:23 [INFO] opcclaw: OPCclaw 日志系统已启动 (level=INFO, json=False)
2026-06-19 07:08:51 [INFO] opcclaw: OPCclaw 日志系统已启动 (level=INFO, json=False)
2026-06-19 07:09:20 [INFO] opcclaw: OPCclaw 日志系统已启动 (level=INFO, json=False)
2026-06-19 07:10:05 [INFO] opcclaw: OPCclaw 日志系统已启动 (level=INFO, json=False)
2026-06-19 07:10:43 [INFO] opcclaw: OPCclaw 日志系统已启动 (level=INFO, json=False)
2026-06-19 07:11:15 [INFO] opcclaw: OPCclaw 日志系统已启动 (level=INFO, json=False)
2026-06-19 07:14:19 [INFO] opcclaw: OPCclaw 日志系统已启动 (level=INFO, json=False)
2026-06-19 07:16:45 [INFO] opcclaw: OPCclaw 日志系统已启动 (level=INFO, json=False)
2026-06-19 07:17:48 [INFO] opcclaw: OPCclaw 日志系统已启动 (level=INFO, json=False)
2026-06-19 07:20:37 [INFO] opcclaw: OPCclaw 日志系统已启动 (level=INFO, json=False)
2026-06-19 07:25:22 [INFO] opcclaw: OPCclaw 日志系统已启动 (level=INFO, json=False)
2026-06-19 07:26:58 [INFO] opcclaw: OPCclaw 日志系统已启动 (level=INFO, json=False)
2026-06-19 07:29:46 [INFO] opcclaw: OPCclaw 日志系统已启动 (level=INFO, json=False)
2026-06-19 07:32:36 [INFO] opcclaw: OPCclaw 日志系统已启动 (level=INFO, json=False)
